<?xml version="1.0" encoding="UTF-8"?>
<!-- Generated by org.testng.reporters.JUnitReportReporter -->
<testsuite hostname="DESKTOP-3LAS9CR" failures="0" tests="2" name="pack_Basic.OpenBrowser" time="8.243" errors="0" timestamp="07 Aug 2019 14:13:46 GMT" skipped="0">
  <testcase classname="pack_Basic.OpenBrowser" name="getScreenShot" time="0.526"/>
  <testcase classname="pack_Basic.OpenBrowser" name="subMenuHandle" time="7.717"/>
</testsuite> <!-- pack_Basic.OpenBrowser -->
