<?xml version="1.0" encoding="UTF-8"?>
<!-- Generated by org.testng.reporters.JUnitReportReporter -->
<testsuite hostname="DESKTOP-3LAS9CR" failures="0" tests="1" name="pack_Basic.VerifyText" time="1.361" errors="0" timestamp="08 Aug 2019 03:19:36 GMT" skipped="0">
  <testcase classname="pack_Basic.VerifyText" name="verifyText" time="1.361"/>
</testsuite> <!-- pack_Basic.VerifyText -->
